<?xml version="1.0" encoding="UTF-8"?>
<!-- Generated by org.testng.reporters.JUnitXMLReporter -->
<testsuite hostname="Prasanths-MacBook-Pro.local" name="Default test" tests="3" failures="0" timestamp="2 Feb 2016 03:22:47 GMT" time="2.965" errors="0">
  <testcase name="" time="0.208" classname="gapp.model.dao.gappDaoTest"/>
  <testcase name="" time="0.008" classname="gapp.model.dao.gappDaoTest"/>
  <testcase name="" time="0.016" classname="gapp.model.dao.gappDaoTest"/>
</testsuite> <!-- Default test -->
