<?xml version="1.0" encoding="UTF-8"?>
<!-- Generated by org.testng.reporters.JUnitXMLReporter -->
<testsuite hostname="Prasanths-MacBook-Pro.local" name="Command line test" tests="3" failures="0" timestamp="8 Mar 2016 04:02:02 GMT" time="3.13" errors="0">
  <testcase name="" time="0.236" classname="gapp.model.dao.gappDaoTest"/>
  <testcase name="" time="0.011" classname="gapp.model.dao.gappDaoTest"/>
  <testcase name="" time="0.01" classname="gapp.model.dao.gappDaoTest"/>
</testsuite> <!-- Command line test -->
