<?xml version="1.0" encoding="UTF-8"?>
<testng-results skipped="0" failed="0" total="3" passed="3">
  <reporter-output>
  </reporter-output>
  <suite name="gapp.model.dao.gappDaoTest" duration-ms="3130" started-at="2016-03-08T04:01:59Z" finished-at="2016-03-08T04:02:02Z">
    <groups>
      <group name="gappDaoTest">
        <method signature="gappDaoTest.getDepartment()[pri:0, instance:gapp.model.dao.gappDaoTest@48a48ccd]" name="getDepartment" class="gapp.model.dao.gappDaoTest"/>
        <method signature="gappDaoTest.getDepartments()[pri:0, instance:gapp.model.dao.gappDaoTest@48a48ccd]" name="getDepartments" class="gapp.model.dao.gappDaoTest"/>
        <method signature="gappDaoTest.getUsers()[pri:0, instance:gapp.model.dao.gappDaoTest@48a48ccd]" name="getUsers" class="gapp.model.dao.gappDaoTest"/>
      </group> <!-- gappDaoTest -->
    </groups>
    <test name="Command line test" duration-ms="3130" started-at="2016-03-08T04:01:59Z" finished-at="2016-03-08T04:02:02Z">
      <class name="gapp.model.dao.gappDaoTest">
        <test-method status="PASS" signature="springTestContextBeforeTestClass()[pri:0, instance:gapp.model.dao.gappDaoTest@48a48ccd]" test-instance-name="" name="springTestContextBeforeTestClass" is-config="true" duration-ms="17" started-at="2016-03-07T20:01:59Z" finished-at="2016-03-07T20:01:59Z">
          <reporter-output>
          </reporter-output>
        </test-method> <!-- springTestContextBeforeTestClass -->
        <test-method name="springTestContextPrepareTestInstance" test-instance-name="" signature="springTestContextPrepareTestInstance()[pri:0, instance:gapp.model.dao.gappDaoTest@48a48ccd]" is-config="true" status="PASS" duration-ms="2730" finished-at="2016-03-07T20:02:02Z" started-at="2016-03-07T20:01:59Z" depends-on-methods="org.springframework.test.context.testng.AbstractTestNGSpringContextTests.springTestContextBeforeTestClass">
          <reporter-output>
          </reporter-output>
        </test-method> <!-- springTestContextPrepareTestInstance -->
        <test-method status="PASS" signature="springTestContextBeforeTestMethod(java.lang.reflect.Method)[pri:0, instance:gapp.model.dao.gappDaoTest@48a48ccd]" test-instance-name="" name="springTestContextBeforeTestMethod" is-config="true" duration-ms="73" started-at="2016-03-07T20:02:02Z" finished-at="2016-03-07T20:02:02Z">
          <params>
            <param index="0">
              <value>
                <![CDATA[public void gapp.model.dao.gappDaoTest.getDepartment()]]>
              </value>
            </param>
          </params>
          <reporter-output>
          </reporter-output>
        </test-method> <!-- springTestContextBeforeTestMethod -->
        <test-method status="PASS" signature="getDepartment()[pri:0, instance:gapp.model.dao.gappDaoTest@48a48ccd]" test-instance-name="" name="getDepartment" duration-ms="236" started-at="2016-03-07T20:02:02Z" finished-at="2016-03-07T20:02:02Z">
          <reporter-output>
          </reporter-output>
        </test-method> <!-- getDepartment -->
        <test-method status="PASS" signature="springTestContextAfterTestMethod(java.lang.reflect.Method)[pri:0, instance:gapp.model.dao.gappDaoTest@48a48ccd]" test-instance-name="" name="springTestContextAfterTestMethod" is-config="true" duration-ms="11" started-at="2016-03-07T20:02:02Z" finished-at="2016-03-07T20:02:02Z">
          <params>
            <param index="0">
              <value>
                <![CDATA[public void gapp.model.dao.gappDaoTest.getDepartment()]]>
              </value>
            </param>
          </params>
          <reporter-output>
          </reporter-output>
        </test-method> <!-- springTestContextAfterTestMethod -->
        <test-method status="PASS" signature="springTestContextBeforeTestMethod(java.lang.reflect.Method)[pri:0, instance:gapp.model.dao.gappDaoTest@48a48ccd]" test-instance-name="" name="springTestContextBeforeTestMethod" is-config="true" duration-ms="7" started-at="2016-03-07T20:02:02Z" finished-at="2016-03-07T20:02:02Z">
          <params>
            <param index="0">
              <value>
                <![CDATA[public void gapp.model.dao.gappDaoTest.getDepartments()]]>
              </value>
            </param>
          </params>
          <reporter-output>
          </reporter-output>
        </test-method> <!-- springTestContextBeforeTestMethod -->
        <test-method status="PASS" signature="getDepartments()[pri:0, instance:gapp.model.dao.gappDaoTest@48a48ccd]" test-instance-name="" name="getDepartments" duration-ms="11" started-at="2016-03-07T20:02:02Z" finished-at="2016-03-07T20:02:02Z">
          <reporter-output>
          </reporter-output>
        </test-method> <!-- getDepartments -->
        <test-method status="PASS" signature="springTestContextAfterTestMethod(java.lang.reflect.Method)[pri:0, instance:gapp.model.dao.gappDaoTest@48a48ccd]" test-instance-name="" name="springTestContextAfterTestMethod" is-config="true" duration-ms="3" started-at="2016-03-07T20:02:02Z" finished-at="2016-03-07T20:02:02Z">
          <params>
            <param index="0">
              <value>
                <![CDATA[public void gapp.model.dao.gappDaoTest.getDepartments()]]>
              </value>
            </param>
          </params>
          <reporter-output>
          </reporter-output>
        </test-method> <!-- springTestContextAfterTestMethod -->
        <test-method status="PASS" signature="springTestContextBeforeTestMethod(java.lang.reflect.Method)[pri:0, instance:gapp.model.dao.gappDaoTest@48a48ccd]" test-instance-name="" name="springTestContextBeforeTestMethod" is-config="true" duration-ms="7" started-at="2016-03-07T20:02:02Z" finished-at="2016-03-07T20:02:02Z">
          <params>
            <param index="0">
              <value>
                <![CDATA[public void gapp.model.dao.gappDaoTest.getUsers()]]>
              </value>
            </param>
          </params>
          <reporter-output>
          </reporter-output>
        </test-method> <!-- springTestContextBeforeTestMethod -->
        <test-method status="PASS" signature="getUsers()[pri:0, instance:gapp.model.dao.gappDaoTest@48a48ccd]" test-instance-name="" name="getUsers" duration-ms="10" started-at="2016-03-07T20:02:02Z" finished-at="2016-03-07T20:02:02Z">
          <reporter-output>
          </reporter-output>
        </test-method> <!-- getUsers -->
        <test-method status="PASS" signature="springTestContextAfterTestMethod(java.lang.reflect.Method)[pri:0, instance:gapp.model.dao.gappDaoTest@48a48ccd]" test-instance-name="" name="springTestContextAfterTestMethod" is-config="true" duration-ms="3" started-at="2016-03-07T20:02:02Z" finished-at="2016-03-07T20:02:02Z">
          <params>
            <param index="0">
              <value>
                <![CDATA[public void gapp.model.dao.gappDaoTest.getUsers()]]>
              </value>
            </param>
          </params>
          <reporter-output>
          </reporter-output>
        </test-method> <!-- springTestContextAfterTestMethod -->
        <test-method status="PASS" signature="springTestContextAfterTestClass()[pri:0, instance:gapp.model.dao.gappDaoTest@48a48ccd]" test-instance-name="" name="springTestContextAfterTestClass" is-config="true" duration-ms="0" started-at="2016-03-07T20:02:02Z" finished-at="2016-03-07T20:02:02Z">
          <reporter-output>
          </reporter-output>
        </test-method> <!-- springTestContextAfterTestClass -->
      </class> <!-- gapp.model.dao.gappDaoTest -->
    </test> <!-- Command line test -->
  </suite> <!-- gapp.model.dao.gappDaoTest -->
</testng-results>
