<?xml version="1.0" encoding="UTF-8"?>
<testng-results skipped="0" failed="0" total="3" passed="3">
  <reporter-output>
  </reporter-output>
  <suite name="Default suite" duration-ms="2965" started-at="2016-02-02T03:22:43Z" finished-at="2016-02-02T03:22:46Z">
    <groups>
      <group name="gappDaoTest">
        <method signature="gappDaoTest.getDepartment()[pri:0, instance:gapp.model.dao.gappDaoTest@6dd603f5]" name="getDepartment" class="gapp.model.dao.gappDaoTest"/>
        <method signature="gappDaoTest.getDepartments()[pri:0, instance:gapp.model.dao.gappDaoTest@6dd603f5]" name="getDepartments" class="gapp.model.dao.gappDaoTest"/>
        <method signature="gappDaoTest.getUsers()[pri:0, instance:gapp.model.dao.gappDaoTest@6dd603f5]" name="getUsers" class="gapp.model.dao.gappDaoTest"/>
      </group> <!-- gappDaoTest -->
    </groups>
    <test name="Default test" duration-ms="2965" started-at="2016-02-02T03:22:43Z" finished-at="2016-02-02T03:22:46Z">
      <class name="gapp.model.dao.gappDaoTest">
        <test-method status="PASS" signature="springTestContextBeforeTestClass()[pri:0, instance:gapp.model.dao.gappDaoTest@6dd603f5]" test-instance-name="" name="springTestContextBeforeTestClass" is-config="true" duration-ms="15" started-at="2016-02-01T19:22:43Z" finished-at="2016-02-01T19:22:43Z">
          <reporter-output>
          </reporter-output>
        </test-method> <!-- springTestContextBeforeTestClass -->
        <test-method name="springTestContextPrepareTestInstance" test-instance-name="" signature="springTestContextPrepareTestInstance()[pri:0, instance:gapp.model.dao.gappDaoTest@6dd603f5]" is-config="true" status="PASS" duration-ms="2584" finished-at="2016-02-01T19:22:46Z" started-at="2016-02-01T19:22:43Z" depends-on-methods="org.springframework.test.context.testng.AbstractTestNGSpringContextTests.springTestContextBeforeTestClass">
          <reporter-output>
          </reporter-output>
        </test-method> <!-- springTestContextPrepareTestInstance -->
        <test-method status="PASS" signature="springTestContextBeforeTestMethod(java.lang.reflect.Method)[pri:0, instance:gapp.model.dao.gappDaoTest@6dd603f5]" test-instance-name="" name="springTestContextBeforeTestMethod" is-config="true" duration-ms="71" started-at="2016-02-01T19:22:46Z" finished-at="2016-02-01T19:22:46Z">
          <params>
            <param index="0">
              <value>
                <![CDATA[public void gapp.model.dao.gappDaoTest.getDepartment()]]>
              </value>
            </param>
          </params>
          <reporter-output>
          </reporter-output>
        </test-method> <!-- springTestContextBeforeTestMethod -->
        <test-method status="PASS" signature="getDepartment()[pri:0, instance:gapp.model.dao.gappDaoTest@6dd603f5]" test-instance-name="" name="getDepartment" duration-ms="208" started-at="2016-02-01T19:22:46Z" finished-at="2016-02-01T19:22:46Z">
          <reporter-output>
          </reporter-output>
        </test-method> <!-- getDepartment -->
        <test-method status="PASS" signature="springTestContextAfterTestMethod(java.lang.reflect.Method)[pri:0, instance:gapp.model.dao.gappDaoTest@6dd603f5]" test-instance-name="" name="springTestContextAfterTestMethod" is-config="true" duration-ms="12" started-at="2016-02-01T19:22:46Z" finished-at="2016-02-01T19:22:46Z">
          <params>
            <param index="0">
              <value>
                <![CDATA[public void gapp.model.dao.gappDaoTest.getDepartment()]]>
              </value>
            </param>
          </params>
          <reporter-output>
          </reporter-output>
        </test-method> <!-- springTestContextAfterTestMethod -->
        <test-method status="PASS" signature="springTestContextBeforeTestMethod(java.lang.reflect.Method)[pri:0, instance:gapp.model.dao.gappDaoTest@6dd603f5]" test-instance-name="" name="springTestContextBeforeTestMethod" is-config="true" duration-ms="13" started-at="2016-02-01T19:22:46Z" finished-at="2016-02-01T19:22:46Z">
          <params>
            <param index="0">
              <value>
                <![CDATA[public void gapp.model.dao.gappDaoTest.getDepartments()]]>
              </value>
            </param>
          </params>
          <reporter-output>
          </reporter-output>
        </test-method> <!-- springTestContextBeforeTestMethod -->
        <test-method status="PASS" signature="getDepartments()[pri:0, instance:gapp.model.dao.gappDaoTest@6dd603f5]" test-instance-name="" name="getDepartments" duration-ms="8" started-at="2016-02-01T19:22:46Z" finished-at="2016-02-01T19:22:46Z">
          <reporter-output>
          </reporter-output>
        </test-method> <!-- getDepartments -->
        <test-method status="PASS" signature="springTestContextAfterTestMethod(java.lang.reflect.Method)[pri:0, instance:gapp.model.dao.gappDaoTest@6dd603f5]" test-instance-name="" name="springTestContextAfterTestMethod" is-config="true" duration-ms="4" started-at="2016-02-01T19:22:46Z" finished-at="2016-02-01T19:22:46Z">
          <params>
            <param index="0">
              <value>
                <![CDATA[public void gapp.model.dao.gappDaoTest.getDepartments()]]>
              </value>
            </param>
          </params>
          <reporter-output>
          </reporter-output>
        </test-method> <!-- springTestContextAfterTestMethod -->
        <test-method status="PASS" signature="springTestContextBeforeTestMethod(java.lang.reflect.Method)[pri:0, instance:gapp.model.dao.gappDaoTest@6dd603f5]" test-instance-name="" name="springTestContextBeforeTestMethod" is-config="true" duration-ms="5" started-at="2016-02-01T19:22:46Z" finished-at="2016-02-01T19:22:46Z">
          <params>
            <param index="0">
              <value>
                <![CDATA[public void gapp.model.dao.gappDaoTest.getUsers()]]>
              </value>
            </param>
          </params>
          <reporter-output>
          </reporter-output>
        </test-method> <!-- springTestContextBeforeTestMethod -->
        <test-method status="PASS" signature="getUsers()[pri:0, instance:gapp.model.dao.gappDaoTest@6dd603f5]" test-instance-name="" name="getUsers" duration-ms="16" started-at="2016-02-01T19:22:46Z" finished-at="2016-02-01T19:22:46Z">
          <reporter-output>
          </reporter-output>
        </test-method> <!-- getUsers -->
        <test-method status="PASS" signature="springTestContextAfterTestMethod(java.lang.reflect.Method)[pri:0, instance:gapp.model.dao.gappDaoTest@6dd603f5]" test-instance-name="" name="springTestContextAfterTestMethod" is-config="true" duration-ms="4" started-at="2016-02-01T19:22:46Z" finished-at="2016-02-01T19:22:46Z">
          <params>
            <param index="0">
              <value>
                <![CDATA[public void gapp.model.dao.gappDaoTest.getUsers()]]>
              </value>
            </param>
          </params>
          <reporter-output>
          </reporter-output>
        </test-method> <!-- springTestContextAfterTestMethod -->
        <test-method status="PASS" signature="springTestContextAfterTestClass()[pri:0, instance:gapp.model.dao.gappDaoTest@6dd603f5]" test-instance-name="" name="springTestContextAfterTestClass" is-config="true" duration-ms="0" started-at="2016-02-01T19:22:46Z" finished-at="2016-02-01T19:22:46Z">
          <reporter-output>
          </reporter-output>
        </test-method> <!-- springTestContextAfterTestClass -->
      </class> <!-- gapp.model.dao.gappDaoTest -->
    </test> <!-- Default test -->
  </suite> <!-- Default suite -->
</testng-results>
